Build started 24/10/2016 10:47:18 a.m..
     1>Project "E:\hw\ANDROID\GAME PROGRAMMING\BCC\ButterCatCanon\ButterCatCanon\ButterCatCanon.vcxproj" on node 2 (Build target(s)).
     1>Link:
         C:\Program Files (x86)\Microsoft Visual Studio 12.0\VC\bin\link.exe /ERRORREPORT:PROMPT /OUT:"E:\hw\ANDROID\GAME PROGRAMMING\BCC\ButterCatCanon\Debug\ButterCatCanon.exe" /INCREMENTAL /NOLOGO /LIBPATH:"E:\hw\ANDROID\GAME PROGRAMMING\BCC\ButterCatCanon\\SDL\SDL2-2.0.3\lib\x86" /LIBPATH:"E:\hw\ANDROID\GAME PROGRAMMING\BCC\ButterCatCanon\\SDL\SDL2_image-2.0.0\lib\x86" /LIBPATH:"E:\hw\ANDROID\GAME PROGRAMMING\BCC\ButterCatCanon\\FMOD\lib\\" /LIBPATH:"E:\hw\ANDROID\GAME PROGRAMMING\BCC\ButterCatCanon\\SDL2_ttf-2.0.14\lib\x86" SDL2.lib SDL2main.lib SDL2_image.lib fmodl_vc.lib SDL2_ttf.lib PhysX3DEBUG_x86.lib PhysX3ExtensionsDEBUG.lib PhysX3CommonDEBUG_x86.lib kernel32.lib user32.lib gdi32.lib winspool.lib comdlg32.lib advapi32.lib shell32.lib ole32.lib oleaut32.lib uuid.lib odbc32.lib odbccp32.lib /MANIFEST /MANIFESTUAC:"level='asInvoker' uiAccess='false'" /manifest:embed /DEBUG /PDB:"E:\hw\ANDROID\GAME PROGRAMMING\BCC\ButterCatCanon\Debug\ButterCatCanon.pdb" /SUBSYSTEM:CONSOLE /TLBID:1 /DYNAMICBASE /NXCOMPAT /IMPLIB:"E:\hw\ANDROID\GAME PROGRAMMING\BCC\ButterCatCanon\Debug\ButterCatCanon.lib" /MACHINE:X86 Debug\AnimatedEntity.obj
         Debug\AnimatedSprite.obj
         Debug\backbuffer.obj
         Debug\Bullet.obj
         Debug\Enemy.obj
         Debug\Entity.obj
         Debug\Explosion.obj
         Debug\game.obj
         Debug\inputhandler.obj
         Debug\logmanager.obj
         Debug\main.obj
         Debug\PlayerShip.obj
         Debug\SoundSys.obj
         Debug\sprite.obj
         Debug\texture.obj
         Debug\texturemanager.obj
     1>MSVCRTD.lib(cinitexe.obj) : warning LNK4098: defaultlib 'msvcrt.lib' conflicts with use of other libs; use /NODEFAULTLIB:library
         ButterCatCanon.vcxproj -> E:\hw\ANDROID\GAME PROGRAMMING\BCC\ButterCatCanon\Debug\ButterCatCanon.exe
     1>Done Building Project "E:\hw\ANDROID\GAME PROGRAMMING\BCC\ButterCatCanon\ButterCatCanon\ButterCatCanon.vcxproj" (Build target(s)).

Build succeeded.

Time Elapsed 00:00:03.12
