e:\hw\android\game programming\bcc\buttercatcanon\buttercatcanon\debug\vc120.pdb
e:\hw\android\game programming\bcc\buttercatcanon\buttercatcanon\debug\vc120.idb
e:\hw\android\game programming\bcc\buttercatcanon\buttercatcanon\debug\animatedentity.obj
e:\hw\android\game programming\bcc\buttercatcanon\buttercatcanon\debug\animatedsprite.obj
e:\hw\android\game programming\bcc\buttercatcanon\buttercatcanon\debug\backbuffer.obj
e:\hw\android\game programming\bcc\buttercatcanon\buttercatcanon\debug\bullet.obj
e:\hw\android\game programming\bcc\buttercatcanon\buttercatcanon\debug\enemy.obj
e:\hw\android\game programming\bcc\buttercatcanon\buttercatcanon\debug\entity.obj
e:\hw\android\game programming\bcc\buttercatcanon\buttercatcanon\debug\explosion.obj
e:\hw\android\game programming\bcc\buttercatcanon\buttercatcanon\debug\game.obj
e:\hw\android\game programming\bcc\buttercatcanon\buttercatcanon\debug\inputhandler.obj
e:\hw\android\game programming\bcc\buttercatcanon\buttercatcanon\debug\logmanager.obj
e:\hw\android\game programming\bcc\buttercatcanon\buttercatcanon\debug\main.obj
e:\hw\android\game programming\bcc\buttercatcanon\buttercatcanon\debug\playership.obj
e:\hw\android\game programming\bcc\buttercatcanon\buttercatcanon\debug\soundsys.obj
e:\hw\android\game programming\bcc\buttercatcanon\buttercatcanon\debug\sprite.obj
e:\hw\android\game programming\bcc\buttercatcanon\buttercatcanon\debug\texture.obj
e:\hw\android\game programming\bcc\buttercatcanon\buttercatcanon\debug\texturemanager.obj
e:\hw\android\game programming\bcc\buttercatcanon\debug\buttercatcanon.ilk
e:\hw\android\game programming\bcc\buttercatcanon\debug\buttercatcanon.exe
e:\hw\android\game programming\bcc\buttercatcanon\debug\buttercatcanon.pdb
e:\hw\android\game programming\bcc\buttercatcanon\buttercatcanon\debug\buttercatcanon.tlog\cl.command.1.tlog
e:\hw\android\game programming\bcc\buttercatcanon\buttercatcanon\debug\buttercatcanon.tlog\cl.read.1.tlog
e:\hw\android\game programming\bcc\buttercatcanon\buttercatcanon\debug\buttercatcanon.tlog\cl.write.1.tlog
e:\hw\android\game programming\bcc\buttercatcanon\buttercatcanon\debug\buttercatcanon.tlog\link.command.1.tlog
e:\hw\android\game programming\bcc\buttercatcanon\buttercatcanon\debug\buttercatcanon.tlog\link.read.1.tlog
e:\hw\android\game programming\bcc\buttercatcanon\buttercatcanon\debug\buttercatcanon.tlog\link.write.1.tlog
